[2023-01-03 14:42:50] Activity: update deployment script for cleaner output (144250-1)
[2023-01-09 14:49:16] Activity: improve deployment script for safer defaults (144916-2)
[2023-01-09 15:03:23] Activity: fix build setup to address flaky tests (150323-3)
[2023-01-09 15:25:06] Activity: improve task runner to reduce noise (152506-4)
[2023-01-09 16:03:28] Activity: polish config loading for cleaner output (160328-5)
[2023-01-09 17:39:24] Activity: optimize error handling to simplify maintenance (173924-6)
[2023-01-10 10:31:43] Activity: polish docs examples to improve readability (103143-7)
[2023-01-10 10:37:46] Activity: update ui feedback for better stability (103746-8)
[2023-01-10 12:16:34] Activity: improve test coverage for better stability (121634-9)
[2023-01-10 13:28:19] Activity: improve task runner for cleaner output (132819-10)
[2023-01-10 13:54:16] Activity: improve docs examples for consistent behavior (135416-11)
[2023-01-10 15:50:18] Activity: cleanup ui feedback for consistent behavior (155018-12)
[2023-01-10 15:51:31] Activity: adjust auth checks after review feedback (155131-13)
[2023-01-10 16:39:02] Activity: adjust dependency wiring to tighten checks (163902-14)
[2023-01-10 17:14:47] Activity: update task runner for edge cases (171447-15)
[2023-01-10 17:37:05] Activity: refactor task runner to tighten checks (173705-16)
[2023-01-11 14:34:06] Activity: adjust deployment script for consistent behavior (143406-17)
[2023-01-11 15:58:50] Activity: cleanup response formatting to speed up local runs (155850-18)
[2023-01-12 11:49:41] Activity: polish data validation to match latest changes (114941-19)
[2023-01-12 11:52:27] Activity: cleanup startup routine for better stability (115227-20)
[2023-01-16 17:08:19] Activity: fix startup routine after review feedback (170819-21)
[2023-01-23 11:12:17] Activity: cleanup response formatting to tighten checks (111217-22)
[2023-01-23 15:04:31] Activity: cleanup task runner to improve readability (150431-23)
[2023-01-23 15:37:00] Activity: adjust data validation for production parity (153700-24)
[2023-01-24 15:06:17] Activity: improve task runner for production parity (150617-25)
[2023-01-25 09:52:53] Activity: adjust deployment script to tighten checks (095253-26)
[2023-01-25 11:01:13] Activity: cleanup config loading after review feedback (110113-27)
